Build started 2017-01-28 14:49:04.
     1>Project "C:\Users\Adrimeov\Desktop\TD1010\TP1\ConsoleApplication1\ConsoleApplication1\ConsoleApplication1.vcxproj" on node 2 (Build target(s)).
     1>ClCompile:
         C:\Program Files (x86)\Microsoft Visual Studio 14.0\VC\bin\CL.exe /c /ZI /nologo /W3 /WX- /sdl /Od /Oy- /D WIN32 /D _DEBUG /D _CONSOLE /D _UNICODE /D UNICODE /Gm /EHsc /RTC1 /MDd /GS /fp:precise /Zc:wchar_t /Zc:forScope /Zc:inline /Fo"Debug\\" /Fd"Debug\vc140.pdb" /Gd /TP /analyze- /errorReport:prompt Infirmier.cpp Medecin.cpp Personnel.cpp Specialite.cpp main.cpp
         main.cpp
         Specialite.cpp
         Personnel.cpp
         Medecin.cpp
         Infirmier.cpp
         Generating Code...
       Link:
         C:\Program Files (x86)\Microsoft Visual Studio 14.0\VC\bin\link.exe /ERRORREPORT:PROMPT /OUT:"C:\Users\Adrimeov\Desktop\TD1010\TP1\ConsoleApplication1\Debug\ConsoleApplication1.exe" /INCREMENTAL /NOLOGO kernel32.lib user32.lib gdi32.lib winspool.lib comdlg32.lib advapi32.lib shell32.lib ole32.lib oleaut32.lib uuid.lib odbc32.lib odbccp32.lib /MANIFEST /MANIFESTUAC:"level='asInvoker' uiAccess='false'" /manifest:embed /Debug /PDB:"C:\Users\Adrimeov\Desktop\TD1010\TP1\ConsoleApplication1\Debug\ConsoleApplication1.pdb" /SUBSYSTEM:CONSOLE /TLBID:1 /DYNAMICBASE /NXCOMPAT /IMPLIB:"C:\Users\Adrimeov\Desktop\TD1010\TP1\ConsoleApplication1\Debug\ConsoleApplication1.lib" /MACHINE:X86 Debug\main.obj
         Debug\Medecin.obj
         Debug\Personnel.obj
         Debug\Infirmier.obj
         Debug\Specialite.obj
         ConsoleApplication1.vcxproj -> C:\Users\Adrimeov\Desktop\TD1010\TP1\ConsoleApplication1\Debug\ConsoleApplication1.exe
     1>Done Building Project "C:\Users\Adrimeov\Desktop\TD1010\TP1\ConsoleApplication1\ConsoleApplication1\ConsoleApplication1.vcxproj" (Build target(s)).

Build succeeded.

Time Elapsed 00:00:03.48
